<?xml version="1.0" encoding="UTF-8"?>
<!-- Generated by org.testng.reporters.JUnitXMLReporter -->
<testsuite hostname="ZL-HYD-LT0072" ignored="0" name="Default test" tests="3" failures="0" timestamp="20 Apr 2020 11:52:53 GMT" time="73.916" errors="0">
  <testcase name="jaleshTitleTest" time="0.27" classname="com.report.allurereports"/>
  <testcase name="jaleshLogoTest" time="0.179" classname="com.report.allurereports"/>
  <testcase name="clickSearchTets" time="17.38" classname="com.report.allurereports"/>
</testsuite> <!-- Default test -->
