<?xml version="1.0" encoding="UTF-8"?>
<!-- Generated by org.testng.reporters.JUnitXMLReporter -->
<testsuite hostname="ZL-HYD-LT0072" ignored="0" name="To generate allure reports" tests="4" failures="0" timestamp="21 Apr 2020 12:12:52 GMT" time="0.596" errors="0">
  <testcase name="@BeforeTest setup" time="0.06" classname="com.report.allurereports">
    <failure type="java.lang.NullPointerException">
      <![CDATA[java.lang.NullPointerException
at com.report.allurereports.setup(allurereports.java:35)
... Removed 24 stack frames]]>
    </failure>
  </testcase> <!-- @BeforeTest setup -->
  <testcase name="@AfterTest TearDown" time="0.0" classname="com.report.allurereports">
    <skipped/>
  </testcase> <!-- @AfterTest TearDown -->
  <testcase name="jaleshTitleTest" time="0.0" classname="com.report.allurereports">
    <skipped/>
  </testcase> <!-- jaleshTitleTest -->
  <testcase name="jaleshLogoTest" time="0.0" classname="com.report.allurereports">
    <skipped/>
  </testcase> <!-- jaleshLogoTest -->
  <testcase name="clickSearchTest" time="0.0" classname="com.report.allurereports">
    <skipped/>
  </testcase> <!-- clickSearchTest -->
  <testcase name="clickBookTest" time="0.0" classname="com.report.allurereports">
    <skipped/>
  </testcase> <!-- clickBookTest -->
</testsuite> <!-- To generate allure reports -->
